[exp008] inicio. pairs=[4, 8] steps=12000 recipe={'d_model': 64, 'n_layers': 4, 'n_heads': 4, 'n_vals': 16, 'n_queries': 16, 'batch': 64, 'lr': 0.001} n_keys=16 abs_pos=False
[recall:atencion_pura_np4] params=201,280 L=24 vocab=33 ae=1 capas=0lin/4attn azar=0.062
[recall:atencion_pura_np4] step 600/12000 loss 0.0135 acc 0.998 (azar 0.062)
[recall:atencion_pura_np4] early-stop en step 600 (acc 0.998 >= 0.99)
[recall:atencion_pura_np4] FINAL acc 0.999 (azar 0.062)
[exp008] np=4 atencion_pura acc=0.999 azar=0.062 capas={'linear': 0, 'attn': 4} (1.3 min)
[recall:hibrido_3to1_np4] params=201,280 L=24 vocab=33 ae=2 capas=2lin/2attn azar=0.062
[recall:hibrido_3to1_np4] step 600/12000 loss 1.3553 acc 0.329 (azar 0.062)
[recall:hibrido_3to1_np4] step 1200/12000 loss 1.2453 acc 0.333 (azar 0.062)
[recall:hibrido_3to1_np4] step 1800/12000 loss 1.2777 acc 0.335 (azar 0.062)
[recall:hibrido_3to1_np4] step 2400/12000 loss 1.2680 acc 0.322 (azar 0.062)
[recall:hibrido_3to1_np4] step 3000/12000 loss 1.3002 acc 0.346 (azar 0.062)
[recall:hibrido_3to1_np4] step 3600/12000 loss 0.5463 acc 0.789 (azar 0.062)
[recall:hibrido_3to1_np4] step 4200/12000 loss 0.2641 acc 0.865 (azar 0.062)
[recall:hibrido_3to1_np4] step 4800/12000 loss 0.1885 acc 0.907 (azar 0.062)
[recall:hibrido_3to1_np4] step 5400/12000 loss 0.1424 acc 0.946 (azar 0.062)
[recall:hibrido_3to1_np4] step 6000/12000 loss 0.1433 acc 0.964 (azar 0.062)
[recall:hibrido_3to1_np4] step 6600/12000 loss 0.0968 acc 0.964 (azar 0.062)
[recall:hibrido_3to1_np4] step 7200/12000 loss 0.1540 acc 0.971 (azar 0.062)
[recall:hibrido_3to1_np4] step 7800/12000 loss 0.0576 acc 0.973 (azar 0.062)
[recall:hibrido_3to1_np4] step 8400/12000 loss 0.0247 acc 0.975 (azar 0.062)
[recall:hibrido_3to1_np4] step 9000/12000 loss 0.1606 acc 0.963 (azar 0.062)
[recall:hibrido_3to1_np4] step 9600/12000 loss 0.0429 acc 0.988 (azar 0.062)
[recall:hibrido_3to1_np4] step 10200/12000 loss 0.0230 acc 0.993 (azar 0.062)
[recall:hibrido_3to1_np4] early-stop en step 10200 (acc 0.993 >= 0.99)
[recall:hibrido_3to1_np4] FINAL acc 0.991 (azar 0.062)
[exp008] np=4 hibrido_3to1 acc=0.991 azar=0.062 capas={'linear': 2, 'attn': 2} (12.9 min)
[recall:lineal_puro_np4] params=201,280 L=24 vocab=33 ae=0 capas=4lin/0attn azar=0.062
[recall:lineal_puro_np4] step 600/12000 loss 1.3491 acc 0.324 (azar 0.062)
[recall:lineal_puro_np4] step 1200/12000 loss 1.2381 acc 0.323 (azar 0.062)
[recall:lineal_puro_np4] step 1800/12000 loss 1.2761 acc 0.326 (azar 0.062)
[recall:lineal_puro_np4] step 2400/12000 loss 1.2704 acc 0.329 (azar 0.062)
[recall:lineal_puro_np4] step 3000/12000 loss 1.3042 acc 0.348 (azar 0.062)
[recall:lineal_puro_np4] step 3600/12000 loss 1.1430 acc 0.437 (azar 0.062)
[recall:lineal_puro_np4] step 4200/12000 loss 0.5136 acc 0.770 (azar 0.062)
[recall:lineal_puro_np4] step 4800/12000 loss 0.3680 acc 0.830 (azar 0.062)
[recall:lineal_puro_np4] step 5400/12000 loss 0.1886 acc 0.902 (azar 0.062)
[recall:lineal_puro_np4] step 6000/12000 loss 0.2405 acc 0.918 (azar 0.062)
[recall:lineal_puro_np4] step 6600/12000 loss 0.1649 acc 0.952 (azar 0.062)
[recall:lineal_puro_np4] step 7200/12000 loss 0.0879 acc 0.958 (azar 0.062)
[recall:lineal_puro_np4] step 7800/12000 loss 0.0572 acc 0.973 (azar 0.062)
[recall:lineal_puro_np4] step 8400/12000 loss 0.0586 acc 0.972 (azar 0.062)
[recall:lineal_puro_np4] step 9000/12000 loss 0.0248 acc 0.983 (azar 0.062)
[recall:lineal_puro_np4] step 9600/12000 loss 0.0510 acc 0.980 (azar 0.062)
[recall:lineal_puro_np4] step 10200/12000 loss 0.0085 acc 0.984 (azar 0.062)
[recall:lineal_puro_np4] step 10800/12000 loss 0.0110 acc 0.992 (azar 0.062)
[recall:lineal_puro_np4] early-stop en step 10800 (acc 0.992 >= 0.99)
[recall:lineal_puro_np4] FINAL acc 0.988 (azar 0.062)
[exp008] np=4 lineal_puro acc=0.988 azar=0.062 capas={'linear': 4, 'attn': 0} (12.1 min)
[recall:atencion_pura_np8] params=201,280 L=32 vocab=33 ae=1 capas=0lin/4attn azar=0.062
[recall:atencion_pura_np8] step 600/12000 loss 1.8520 acc 0.248 (azar 0.062)
[recall:atencion_pura_np8] step 1200/12000 loss 0.0009 acc 1.000 (azar 0.062)
[recall:atencion_pura_np8] early-stop en step 1200 (acc 1.000 >= 0.99)
[recall:atencion_pura_np8] FINAL acc 1.000 (azar 0.062)
[exp008] np=8 atencion_pura acc=1.000 azar=0.062 capas={'linear': 0, 'attn': 4} (1.9 min)
[recall:hibrido_3to1_np8] params=201,280 L=32 vocab=33 ae=2 capas=2lin/2attn azar=0.062
[recall:hibrido_3to1_np8] step 600/12000 loss 1.8663 acc 0.244 (azar 0.062)
[recall:hibrido_3to1_np8] step 1200/12000 loss 1.8544 acc 0.252 (azar 0.062)
[recall:hibrido_3to1_np8] step 1800/12000 loss 1.8464 acc 0.260 (azar 0.062)
[recall:hibrido_3to1_np8] step 2400/12000 loss 1.8495 acc 0.258 (azar 0.062)
[recall:hibrido_3to1_np8] step 3000/12000 loss 1.7368 acc 0.321 (azar 0.062)
[recall:hibrido_3to1_np8] step 3600/12000 loss 1.3531 acc 0.458 (azar 0.062)
[recall:hibrido_3to1_np8] step 4200/12000 loss 0.8442 acc 0.634 (azar 0.062)
[recall:hibrido_3to1_np8] step 4800/12000 loss 0.0051 acc 0.998 (azar 0.062)
[recall:hibrido_3to1_np8] early-stop en step 4800 (acc 0.998 >= 0.99)
[recall:hibrido_3to1_np8] FINAL acc 0.998 (azar 0.062)
[exp008] np=8 hibrido_3to1 acc=0.998 azar=0.062 capas={'linear': 2, 'attn': 2} (7.1 min)
[recall:lineal_puro_np8] params=201,280 L=32 vocab=33 ae=0 capas=4lin/0attn azar=0.062
[recall:lineal_puro_np8] step 600/12000 loss 1.8627 acc 0.248 (azar 0.062)
[recall:lineal_puro_np8] step 1200/12000 loss 1.8587 acc 0.256 (azar 0.062)
[recall:lineal_puro_np8] step 1800/12000 loss 1.8472 acc 0.261 (azar 0.062)
[recall:lineal_puro_np8] step 2400/12000 loss 1.8503 acc 0.259 (azar 0.062)
[recall:lineal_puro_np8] step 3000/12000 loss 1.8652 acc 0.243 (azar 0.062)
[recall:lineal_puro_np8] step 3600/12000 loss 1.8216 acc 0.255 (azar 0.062)
[recall:lineal_puro_np8] step 4200/12000 loss 1.8165 acc 0.258 (azar 0.062)
[recall:lineal_puro_np8] step 4800/12000 loss 1.8093 acc 0.258 (azar 0.062)
[recall:lineal_puro_np8] step 5400/12000 loss 1.8552 acc 0.255 (azar 0.062)
[recall:lineal_puro_np8] step 6000/12000 loss 1.8479 acc 0.253 (azar 0.062)
[recall:lineal_puro_np8] step 6600/12000 loss 1.8179 acc 0.255 (azar 0.062)
[recall:lineal_puro_np8] step 7200/12000 loss 1.8125 acc 0.258 (azar 0.062)
[recall:lineal_puro_np8] step 7800/12000 loss 1.8050 acc 0.241 (azar 0.062)
[recall:lineal_puro_np8] step 8400/12000 loss 1.8346 acc 0.263 (azar 0.062)
[recall:lineal_puro_np8] step 9000/12000 loss 1.8046 acc 0.227 (azar 0.062)
[recall:lineal_puro_np8] step 9600/12000 loss 1.7914 acc 0.258 (azar 0.062)
[recall:lineal_puro_np8] step 10200/12000 loss 1.7560 acc 0.266 (azar 0.062)
[recall:lineal_puro_np8] step 10800/12000 loss 1.8162 acc 0.255 (azar 0.062)
[recall:lineal_puro_np8] step 11400/12000 loss 1.7854 acc 0.252 (azar 0.062)
[recall:lineal_puro_np8] step 12000/12000 loss 1.7761 acc 0.259 (azar 0.062)
[recall:lineal_puro_np8] FINAL acc 0.255 (azar 0.062)
[exp008] np=8 lineal_puro acc=0.255 azar=0.062 capas={'linear': 4, 'attn': 0} (17.1 min)
[exp008] ==== RESUMEN (acc de recall) ====
 n_pairs |  atencion |   hibrido |    lineal
       4 |     0.999 |     0.991 |     0.988
       8 |     1.000 |     0.998 |     0.255
