[exp008] inicio. pairs=[8, 16] steps=15000 recipe={'d_model': 64, 'n_layers': 6, 'n_heads': 4, 'n_vals': 16, 'n_queries': 16, 'batch': 64, 'lr': 0.001} n_keys=32 abs_pos=False
[recall:atencion_pura_np8] params=301,888 L=32 vocab=49 ae=1 capas=0lin/6attn azar=0.062
[recall:atencion_pura_np8] step 750/15000 loss 1.8905 acc 0.248 (azar 0.062)
[recall:atencion_pura_np8] step 1500/15000 loss 1.8730 acc 0.245 (azar 0.062)
[recall:atencion_pura_np8] step 2250/15000 loss 1.8041 acc 0.265 (azar 0.062)
[recall:atencion_pura_np8] step 3000/15000 loss 1.8630 acc 0.254 (azar 0.062)
[recall:atencion_pura_np8] step 3750/15000 loss 0.0872 acc 0.968 (azar 0.062)
[recall:atencion_pura_np8] step 4500/15000 loss 0.0209 acc 0.976 (azar 0.062)
[recall:atencion_pura_np8] step 5250/15000 loss 0.0052 acc 1.000 (azar 0.062)
[recall:atencion_pura_np8] early-stop en step 5250 (acc 1.000 >= 0.99)
[recall:atencion_pura_np8] FINAL acc 1.000 (azar 0.062)
[exp008] np=8 atencion_pura acc=1.000 azar=0.062 capas={'linear': 0, 'attn': 6} (13.7 min)
[recall:hibrido_3to1_np8] params=301,888 L=32 vocab=49 ae=3 capas=4lin/2attn azar=0.062
[recall:hibrido_3to1_np8] step 750/15000 loss 1.8970 acc 0.245 (azar 0.062)
[recall:hibrido_3to1_np8] step 1500/15000 loss 1.8701 acc 0.244 (azar 0.062)
[recall:hibrido_3to1_np8] step 2250/15000 loss 1.8044 acc 0.260 (azar 0.062)
[recall:hibrido_3to1_np8] step 3000/15000 loss 1.8609 acc 0.259 (azar 0.062)
[recall:hibrido_3to1_np8] step 3750/15000 loss 1.7919 acc 0.243 (azar 0.062)
[recall:hibrido_3to1_np8] step 4500/15000 loss 1.8035 acc 0.249 (azar 0.062)
[recall:hibrido_3to1_np8] step 5250/15000 loss 1.7863 acc 0.259 (azar 0.062)
[recall:hibrido_3to1_np8] step 6000/15000 loss 1.7858 acc 0.278 (azar 0.062)
[recall:hibrido_3to1_np8] step 6750/15000 loss 0.2354 acc 0.878 (azar 0.062)
[recall:hibrido_3to1_np8] step 7500/15000 loss 0.1690 acc 0.935 (azar 0.062)
[recall:hibrido_3to1_np8] step 8250/15000 loss 0.0916 acc 0.962 (azar 0.062)
[recall:hibrido_3to1_np8] step 9000/15000 loss 0.0297 acc 0.972 (azar 0.062)
[recall:hibrido_3to1_np8] step 9750/15000 loss 0.0823 acc 0.979 (azar 0.062)
[recall:hibrido_3to1_np8] step 10500/15000 loss 0.1666 acc 0.959 (azar 0.062)
[recall:hibrido_3to1_np8] step 11250/15000 loss 0.0630 acc 0.994 (azar 0.062)
[recall:hibrido_3to1_np8] early-stop en step 11250 (acc 0.994 >= 0.99)
[recall:hibrido_3to1_np8] FINAL acc 0.989 (azar 0.062)
[exp008] np=8 hibrido_3to1 acc=0.989 azar=0.062 capas={'linear': 4, 'attn': 2} (26.3 min)
[recall:lineal_puro_np8] params=301,888 L=32 vocab=49 ae=0 capas=6lin/0attn azar=0.062
[recall:lineal_puro_np8] step 750/15000 loss 1.8834 acc 0.252 (azar 0.062)
[recall:lineal_puro_np8] step 1500/15000 loss 1.8710 acc 0.247 (azar 0.062)
[recall:lineal_puro_np8] step 2250/15000 loss 1.8023 acc 0.266 (azar 0.062)
[recall:lineal_puro_np8] step 3000/15000 loss 1.8651 acc 0.256 (azar 0.062)
[recall:lineal_puro_np8] step 3750/15000 loss 1.7906 acc 0.248 (azar 0.062)
[recall:lineal_puro_np8] step 4500/15000 loss 1.8018 acc 0.252 (azar 0.062)
[recall:lineal_puro_np8] step 5250/15000 loss 1.7824 acc 0.257 (azar 0.062)
[recall:lineal_puro_np8] step 6000/15000 loss 1.8446 acc 0.259 (azar 0.062)
[recall:lineal_puro_np8] step 6750/15000 loss 1.8240 acc 0.260 (azar 0.062)
[recall:lineal_puro_np8] step 7500/15000 loss 1.8181 acc 0.253 (azar 0.062)
[recall:lineal_puro_np8] step 8250/15000 loss 1.8609 acc 0.258 (azar 0.062)
[recall:lineal_puro_np8] step 9000/15000 loss 1.8040 acc 0.248 (azar 0.062)
[recall:lineal_puro_np8] step 9750/15000 loss 1.8168 acc 0.230 (azar 0.062)
[recall:lineal_puro_np8] step 10500/15000 loss 1.7849 acc 0.253 (azar 0.062)
[recall:lineal_puro_np8] step 11250/15000 loss 1.8015 acc 0.236 (azar 0.062)
[recall:lineal_puro_np8] step 12000/15000 loss 1.7745 acc 0.254 (azar 0.062)
[recall:lineal_puro_np8] step 12750/15000 loss 1.8320 acc 0.280 (azar 0.062)
[recall:lineal_puro_np8] step 13500/15000 loss 1.7847 acc 0.261 (azar 0.062)
[recall:lineal_puro_np8] step 14250/15000 loss 1.8266 acc 0.247 (azar 0.062)
[recall:lineal_puro_np8] step 15000/15000 loss 1.8297 acc 0.264 (azar 0.062)
[recall:lineal_puro_np8] FINAL acc 0.251 (azar 0.062)
[exp008] np=8 lineal_puro acc=0.251 azar=0.062 capas={'linear': 6, 'attn': 0} (32.0 min)
[recall:atencion_pura_np16] params=301,888 L=48 vocab=49 ae=1 capas=0lin/6attn azar=0.062
[recall:atencion_pura_np16] step 750/15000 loss 2.3086 acc 0.189 (azar 0.062)
[recall:atencion_pura_np16] step 1500/15000 loss 2.2080 acc 0.182 (azar 0.062)
[recall:atencion_pura_np16] step 2250/15000 loss 2.2445 acc 0.183 (azar 0.062)
[recall:atencion_pura_np16] step 3000/15000 loss 2.2444 acc 0.191 (azar 0.062)
[recall:atencion_pura_np16] step 3750/15000 loss 2.2528 acc 0.190 (azar 0.062)
[recall:atencion_pura_np16] step 4500/15000 loss 2.2634 acc 0.197 (azar 0.062)
[recall:atencion_pura_np16] step 5250/15000 loss 2.2787 acc 0.187 (azar 0.062)
[recall:atencion_pura_np16] step 6000/15000 loss 2.2392 acc 0.180 (azar 0.062)
[recall:atencion_pura_np16] step 6750/15000 loss 0.0161 acc 0.972 (azar 0.062)
[recall:atencion_pura_np16] step 7500/15000 loss 0.0442 acc 0.955 (azar 0.062)
[recall:atencion_pura_np16] step 8250/15000 loss 0.0006 acc 0.999 (azar 0.062)
[recall:atencion_pura_np16] early-stop en step 8250 (acc 0.999 >= 0.99)
[recall:atencion_pura_np16] FINAL acc 0.998 (azar 0.062)
[exp008] np=16 atencion_pura acc=0.998 azar=0.062 capas={'linear': 0, 'attn': 6} (29.9 min)
[recall:hibrido_3to1_np16] params=301,888 L=48 vocab=49 ae=3 capas=4lin/2attn azar=0.062
[recall:hibrido_3to1_np16] step 750/15000 loss 2.3155 acc 0.189 (azar 0.062)
[recall:hibrido_3to1_np16] step 1500/15000 loss 2.2097 acc 0.181 (azar 0.062)
[recall:hibrido_3to1_np16] step 2250/15000 loss 2.2424 acc 0.186 (azar 0.062)
[recall:hibrido_3to1_np16] step 3000/15000 loss 2.2416 acc 0.191 (azar 0.062)
[recall:hibrido_3to1_np16] step 3750/15000 loss 2.2538 acc 0.191 (azar 0.062)
[recall:hibrido_3to1_np16] step 4500/15000 loss 2.2642 acc 0.198 (azar 0.062)
[recall:hibrido_3to1_np16] step 5250/15000 loss 2.2777 acc 0.184 (azar 0.062)
[recall:hibrido_3to1_np16] step 6000/15000 loss 2.2393 acc 0.178 (azar 0.062)
[recall:hibrido_3to1_np16] step 6750/15000 loss 2.2640 acc 0.190 (azar 0.062)
[recall:hibrido_3to1_np16] step 7500/15000 loss 2.2291 acc 0.199 (azar 0.062)
[recall:hibrido_3to1_np16] step 8250/15000 loss 2.2090 acc 0.195 (azar 0.062)
[recall:hibrido_3to1_np16] step 9000/15000 loss 2.2083 acc 0.183 (azar 0.062)
[recall:hibrido_3to1_np16] step 9750/15000 loss 2.2401 acc 0.192 (azar 0.062)
[recall:hibrido_3to1_np16] step 10500/15000 loss 2.2546 acc 0.195 (azar 0.062)
[recall:hibrido_3to1_np16] step 11250/15000 loss 2.2849 acc 0.186 (azar 0.062)
[recall:hibrido_3to1_np16] step 12000/15000 loss 2.2417 acc 0.190 (azar 0.062)
[recall:hibrido_3to1_np16] step 12750/15000 loss 2.2383 acc 0.191 (azar 0.062)
[recall:hibrido_3to1_np16] step 13500/15000 loss 2.2062 acc 0.195 (azar 0.062)
[recall:hibrido_3to1_np16] deadline alcanzado en step 13555 (min_steps=10000)
[recall:hibrido_3to1_np16] FINAL acc 0.191 (azar 0.062)
[exp008] np=16 hibrido_3to1 acc=0.191 azar=0.062 capas={'linear': 4, 'attn': 2} (54.0 min)
[recall:lineal_puro_np16] params=301,888 L=48 vocab=49 ae=0 capas=6lin/0attn azar=0.062
[recall:lineal_puro_np16] step 750/15000 loss 2.3120 acc 0.184 (azar 0.062)
[recall:lineal_puro_np16] step 1500/15000 loss 2.2077 acc 0.179 (azar 0.062)
[recall:lineal_puro_np16] step 2250/15000 loss 2.2331 acc 0.189 (azar 0.062)
[recall:lineal_puro_np16] step 3000/15000 loss 2.2400 acc 0.192 (azar 0.062)
[recall:lineal_puro_np16] step 3750/15000 loss 2.2511 acc 0.187 (azar 0.062)
[recall:lineal_puro_np16] step 4500/15000 loss 2.2608 acc 0.199 (azar 0.062)
[recall:lineal_puro_np16] step 5250/15000 loss 2.2763 acc 0.186 (azar 0.062)
[recall:lineal_puro_np16] step 6000/15000 loss 2.2395 acc 0.179 (azar 0.062)
